<?xml version="1.0" encoding="UTF-8"?>
<testng-results skipped="0" failed="0" ignored="0" total="1" passed="1">
  <reporter-output>
  </reporter-output>
  <suite name="Command line suite" duration-ms="58" started-at="2020-04-08T13:24:45 AST" finished-at="2020-04-08T13:24:45 AST">
    <groups>
    </groups>
    <test name="Command line test" duration-ms="58" started-at="2020-04-08T13:24:45 AST" finished-at="2020-04-08T13:24:45 AST">
      <class name="qaclickacademy.AppTest">
        <test-method status="PASS" signature="testApp()" name="testApp" duration-ms="18" started-at="2020-04-08T13:24:45 AST" finished-at="2020-04-08T13:24:45 AST">
          <reporter-output>
          </reporter-output>
        </test-method> <!-- testApp -->
      </class> <!-- qaclickacademy.AppTest -->
    </test> <!-- Command line test -->
  </suite> <!-- Command line suite -->
</testng-results>
