<?xml version="1.0" encoding="UTF-8"?>
<!-- Generated by org.testng.reporters.JUnitXMLReporter -->
<testsuite hostname="DESKTOP-V6LMOQI" ignored="0" name="Test" tests="6" failures="0" timestamp="2020-04-08T12:48:22 AST" time="0.093" errors="0">
  <testcase name="IOSApps" time="0.012" classname="qaclickacademy.AppiumTest"/>
  <testcase name="NativeAppAndroid" time="0.002" classname="qaclickacademy.AppiumTest"/>
  <testcase name="BrowserAutomation" time="0.002" classname="qaclickacademy.SeleniumTest"/>
  <testcase name="elementsUI" time="0.002" classname="qaclickacademy.SeleniumTest"/>
  <testcase name="deleteTwitter" time="0.002" classname="qaclickacademy.RESTAPITest"/>
  <testcase name="postJira" time="0.002" classname="qaclickacademy.RESTAPITest"/>
</testsuite> <!-- Test -->
