<?xml version="1.0" encoding="UTF-8"?>
<testng-results skipped="0" failed="0" ignored="0" total="4" passed="4">
  <reporter-output>
  </reporter-output>
  <suite name="Suite" duration-ms="84" started-at="2020-04-08T13:25:39 AST" finished-at="2020-04-08T13:25:39 AST">
    <groups>
    </groups>
    <test name="Test" duration-ms="84" started-at="2020-04-08T13:25:39 AST" finished-at="2020-04-08T13:25:39 AST">
      <class name="qaclickacademy.RESTAPITest">
        <test-method status="PASS" signature="deleteTwitter()[pri:0, instance:qaclickacademy.RESTAPITest@147ed70f]" name="deleteTwitter" duration-ms="0" started-at="2020-04-08T13:25:39 AST" finished-at="2020-04-08T13:25:39 AST">
          <reporter-output>
          </reporter-output>
        </test-method> <!-- deleteTwitter -->
        <test-method status="PASS" signature="postJira()[pri:0, instance:qaclickacademy.RESTAPITest@147ed70f]" name="postJira" duration-ms="1" started-at="2020-04-08T13:25:39 AST" finished-at="2020-04-08T13:25:39 AST">
          <reporter-output>
          </reporter-output>
        </test-method> <!-- postJira -->
      </class> <!-- qaclickacademy.RESTAPITest -->
      <class name="qaclickacademy.SeleniumTest">
        <test-method status="PASS" signature="BrowserAutomation()[pri:0, instance:qaclickacademy.SeleniumTest@4278a03f]" name="BrowserAutomation" duration-ms="9" started-at="2020-04-08T13:25:39 AST" finished-at="2020-04-08T13:25:39 AST">
          <reporter-output>
          </reporter-output>
        </test-method> <!-- BrowserAutomation -->
        <test-method status="PASS" signature="elementsUI()[pri:0, instance:qaclickacademy.SeleniumTest@4278a03f]" name="elementsUI" duration-ms="0" started-at="2020-04-08T13:25:39 AST" finished-at="2020-04-08T13:25:39 AST">
          <reporter-output>
          </reporter-output>
        </test-method> <!-- elementsUI -->
      </class> <!-- qaclickacademy.SeleniumTest -->
    </test> <!-- Test -->
  </suite> <!-- Suite -->
</testng-results>
