<?xml version="1.0" encoding="UTF-8"?>
<testng-results skipped="0" failed="0" ignored="0" total="6" passed="6">
  <reporter-output>
  </reporter-output>
  <suite name="Suite" duration-ms="93" started-at="2020-04-08T12:48:22 AST" finished-at="2020-04-08T12:48:22 AST">
    <groups>
    </groups>
    <test name="Test" duration-ms="93" started-at="2020-04-08T12:48:22 AST" finished-at="2020-04-08T12:48:22 AST">
      <class name="qaclickacademy.AppiumTest">
        <test-method status="PASS" signature="IOSApps()[pri:0, instance:qaclickacademy.AppiumTest@2e4b8173]" name="IOSApps" duration-ms="12" started-at="2020-04-08T12:48:22 AST" finished-at="2020-04-08T12:48:22 AST">
          <reporter-output>
          </reporter-output>
        </test-method> <!-- IOSApps -->
        <test-method status="PASS" signature="NativeAppAndroid()[pri:0, instance:qaclickacademy.AppiumTest@2e4b8173]" name="NativeAppAndroid" duration-ms="2" started-at="2020-04-08T12:48:22 AST" finished-at="2020-04-08T12:48:22 AST">
          <reporter-output>
          </reporter-output>
        </test-method> <!-- NativeAppAndroid -->
      </class> <!-- qaclickacademy.AppiumTest -->
      <class name="qaclickacademy.RESTAPITest">
        <test-method status="PASS" signature="deleteTwitter()[pri:0, instance:qaclickacademy.RESTAPITest@17046283]" name="deleteTwitter" duration-ms="2" started-at="2020-04-08T12:48:22 AST" finished-at="2020-04-08T12:48:22 AST">
          <reporter-output>
          </reporter-output>
        </test-method> <!-- deleteTwitter -->
        <test-method status="PASS" signature="postJira()[pri:0, instance:qaclickacademy.RESTAPITest@17046283]" name="postJira" duration-ms="2" started-at="2020-04-08T12:48:22 AST" finished-at="2020-04-08T12:48:22 AST">
          <reporter-output>
          </reporter-output>
        </test-method> <!-- postJira -->
      </class> <!-- qaclickacademy.RESTAPITest -->
      <class name="qaclickacademy.SeleniumTest">
        <test-method status="PASS" signature="BrowserAutomation()[pri:0, instance:qaclickacademy.SeleniumTest@70e8f8e]" name="BrowserAutomation" duration-ms="2" started-at="2020-04-08T12:48:22 AST" finished-at="2020-04-08T12:48:22 AST">
          <reporter-output>
          </reporter-output>
        </test-method> <!-- BrowserAutomation -->
        <test-method status="PASS" signature="elementsUI()[pri:0, instance:qaclickacademy.SeleniumTest@70e8f8e]" name="elementsUI" duration-ms="2" started-at="2020-04-08T12:48:22 AST" finished-at="2020-04-08T12:48:22 AST">
          <reporter-output>
          </reporter-output>
        </test-method> <!-- elementsUI -->
      </class> <!-- qaclickacademy.SeleniumTest -->
    </test> <!-- Test -->
  </suite> <!-- Suite -->
</testng-results>
